Creating test database for alias 'default'...
F
======================================================================
FAIL: test_detail_page_resources (apps.core.tests.test_resource_visibility_repro.ResourceVisibilityTest.test_detail_page_resources)
Test that resources appear on the instructor detail page.
----------------------------------------------------------------------
Traceback (most recent call last):
  File "/home/wetende/Projects/crossview/apps/core/tests/test_resource_visibility_repro.py", line 58, in test_detail_page_resources
    self.assertIn('program', context)
    ~~~~~~~~~~~~~^^^^^^^^^^^^^^^^^^^^
AssertionError: 'program' not found in [[{'True': True, 'False': False, 'None': None}, {'csrf_token': <SimpleLazyObject: 'OzQRAlLyNWFIVGbQONcJHNwqkJywfew6v2ZWBFsweltYbaFR2pFyCqWtyl8gVOvc'>, 'request': <InertiaRequest: GET '/instructor/programs/1/'>, 'user': <SimpleLazyObject: <User: instr@example.com>>, 'perms': PermWrapper(<SimpleLazyObject: <User: instr@example.com>>), 'messages': <FallbackStorage: request=<WSGIRequest: GET '/instructor/programs/1/'>>, 'DEFAULT_MESSAGE_LEVELS': {'DEBUG': 10, 'INFO': 20, 'SUCCESS': 25, 'WARNING': 30, 'ERROR': 40}}, {}, {'inertia_layout': 'base.html', 'page': '{"component": "Instructor/Programs/Show", "props": {"csrfToken": "pFVzMaCk5iW728BXaUJoutRiEACKZSpJ684ENujiwHKniC5Yowcdp6hlSccuFsoP", "auth": {"user": {"id": 1, "email": "instr@example.com", "firstName": "", "lastName": "", "fullName": "instr@example.com", "role": "instructor"}}, "notifications": {"unread_count": 0, "items": []}, "platform": {"institutionName": "My Institution", "tagline": "", "logoUrl": null, "faviconUrl": null, "primaryColor": "#3B82F6", "secondaryColor": "#1E40AF", "deploymentMode": "custom", "isSetupComplete": false, "features": {"certificates": true, "practicum": true, "gamification": false, "self_registration": true, "payments": false, "enrollment_mode": "instructor_approval"}}, "flash": [], "program": {"id": 1, "name": "Test Program", "code": "", "description": "", "blueprint": {"id": null, "name": "No Blueprint", "hierarchyLabels": [], "gradingConfig": {}}}, "stats": {"totalEnrollments": 0, "activeStudents": 0, "completedStudents": 0, "averageProgress": 0}, "curriculum": []}, "url": "/instructor/programs/1/", "version": "1.0", "encryptHistory": false, "clearHistory": false}'}], [{'True': True, 'False': False, 'None': None}, {'csrf_token': <SimpleLazyObject: 'OzQRAlLyNWFIVGbQONcJHNwqkJywfew6v2ZWBFsweltYbaFR2pFyCqWtyl8gVOvc'>, 'request': <InertiaRequest: GET '/instructor/programs/1/'>, 'user': <SimpleLazyObject: <User: instr@example.com>>, 'perms': PermWrapper(<SimpleLazyObject: <User: instr@example.com>>), 'messages': <FallbackStorage: request=<WSGIRequest: GET '/instructor/programs/1/'>>, 'DEFAULT_MESSAGE_LEVELS': {'DEBUG': 10, 'INFO': 20, 'SUCCESS': 25, 'WARNING': 30, 'ERROR': 40}}, {}, {'inertia_layout': 'base.html', 'page': '{"component": "Instructor/Programs/Show", "props": {"csrfToken": "pFVzMaCk5iW728BXaUJoutRiEACKZSpJ684ENujiwHKniC5Yowcdp6hlSccuFsoP", "auth": {"user": {"id": 1, "email": "instr@example.com", "firstName": "", "lastName": "", "fullName": "instr@example.com", "role": "instructor"}}, "notifications": {"unread_count": 0, "items": []}, "platform": {"institutionName": "My Institution", "tagline": "", "logoUrl": null, "faviconUrl": null, "primaryColor": "#3B82F6", "secondaryColor": "#1E40AF", "deploymentMode": "custom", "isSetupComplete": false, "features": {"certificates": true, "practicum": true, "gamification": false, "self_registration": true, "payments": false, "enrollment_mode": "instructor_approval"}}, "flash": [], "program": {"id": 1, "name": "Test Program", "code": "", "description": "", "blueprint": {"id": null, "name": "No Blueprint", "hierarchyLabels": [], "gradingConfig": {}}}, "stats": {"totalEnrollments": 0, "activeStudents": 0, "completedStudents": 0, "averageProgress": 0}, "curriculum": []}, "url": "/instructor/programs/1/", "version": "1.0", "encryptHistory": false, "clearHistory": false}'}]]

----------------------------------------------------------------------
Ran 1 test in 2.221s

FAILED (failures=1)
Destroying test database for alias 'default'...
Found 1 test(s).
System check identified no issues (0 silenced).
